# JRE version: OpenJDK Runtime Environment Temurin-21.0.10+7 (21.0.10+7) (build 21.0.10+7-LTS)
# Java VM: OpenJDK 64-Bit Server VM Temurin-21.0.10+7 (21.0.10+7-LTS, mixed mode, sharing, tiered, compressed oops, compressed class ptrs, parallel gc, windows-amd64)
GC Precious Log:
 CardTable entry size: 512
 CPUs: 8 total, 8 available
 Memory: 5996M
 Large Page Support: Disabled
 NUMA Support: Disabled
 Compressed Oops: Enabled (32-bit)
 Alignments: Space 512K, Generation 512K, Heap 2M
 Heap Min Capacity: 100M
 Heap Initial Capacity: 100M
 Heap Max Capacity: 2G
 Pre-touch: Disabled
 Parallel Workers: 8
Heap:
 PSYoungGen      total 7168K, used 3538K [0x00000000d5580000, 0x00000000d5e00000, 0x0000000100000000)
  eden space 6656K, 45% used [0x00000000d5580000,0x00000000d5878aa0,0x00000000d5c00000)
  from space 512K, 96% used [0x00000000d5d00000,0x00000000d5d7c030,0x00000000d5d80000)
  to   space 1024K, 0% used [0x00000000d5c00000,0x00000000d5c00000,0x00000000d5d00000)
 ParOldGen       total 1249792K, used 1249678K [0x0000000080000000, 0x00000000cc480000, 0x00000000d5580000)
  object space 1249792K, 99% used [0x0000000080000000,0x00000000cc463bf8,0x00000000cc480000)
 Metaspace       used 95646K, committed 97472K, reserved 1179648K
  class space    used 9559K, committed 10368K, reserved 1048576K
GC Heap History (20 events):
Event: 18240.516 GC heap before
{Heap before GC invocations=2637 (full 5):
 PSYoungGen      total 7168K, used 7104K [0x00000000d5580000, 0x00000000d5d80000, 0x0000000100000000)
  eden space 6656K, 100% used [0x00000000d5580000,0x00000000d5c00000,0x00000000d5c00000)
  from space 512K, 87% used [0x00000000d5d00000,0x00000000d5d70040,0x00000000d5d80000)
  to   space 512K, 0% used [0x00000000d5c80000,0x00000000d5c80000,0x00000000d5d00000)
 ParOldGen       total 1249280K, used 1249202K [0x0000000080000000, 0x00000000cc400000, 0x00000000d5580000)
  object space 1249280K, 99% used [0x0000000080000000,0x00000000cc3ecb88,0x00000000cc400000)
 Metaspace       used 95508K, committed 97280K, reserved 1179648K
  class space    used 9554K, committed 10304K, reserved 1048576K
}
Event: 18241.094 GC heap after
{Heap after GC invocations=2637 (full 5):
 PSYoungGen      total 7168K, used 480K [0x00000000d5580000, 0x00000000d5d80000, 0x0000000100000000)
  eden space 6656K, 0% used [0x00000000d5580000,0x00000000d5580000,0x00000000d5c00000)
  from space 512K, 93% used [0x00000000d5c80000,0x00000000d5cf8020,0x00000000d5d00000)
  to   space 512K, 0% used [0x00000000d5d00000,0x00000000d5d00000,0x00000000d5d80000)
 ParOldGen       total 1249792K, used 1249282K [0x0000000080000000, 0x00000000cc480000, 0x00000000d5580000)
  object space 1249792K, 99% used [0x0000000080000000,0x00000000cc400ba8,0x00000000cc480000)
 Metaspace       used 95508K, committed 97280K, reserved 1179648K
  class space    used 9554K, committed 10304K, reserved 1048576K
}
Event: 19276.893 GC heap before
{Heap before GC invocations=2638 (full 5):
 PSYoungGen      total 7168K, used 7136K [0x00000000d5580000, 0x00000000d5d80000, 0x0000000100000000)
  eden space 6656K, 100% used [0x00000000d5580000,0x00000000d5c00000,0x00000000d5c00000)
  from space 512K, 93% used [0x00000000d5c80000,0x00000000d5cf8020,0x00000000d5d00000)
  to   space 512K, 0% used [0x00000000d5d00000,0x00000000d5d00000,0x00000000d5d80000)
 ParOldGen       total 1249792K, used 1249282K [0x0000000080000000, 0x00000000cc480000, 0x00000000d5580000)
  object space 1249792K, 99% used [0x0000000080000000,0x00000000cc400ba8,0x00000000cc480000)
 Metaspace       used 95523K, committed 97344K, reserved 1179648K
  class space    used 9554K, committed 10304K, reserved 1048576K
}
Event: 19277.324 GC heap after
{Heap after GC invocations=2638 (full 5):
 PSYoungGen      total 7168K, used 416K [0x00000000d5580000, 0x00000000d5d80000, 0x0000000100000000)
  eden space 6656K, 0% used [0x00000000d5580000,0x00000000d5580000,0x00000000d5c00000)
  from space 512K, 81% used [0x00000000d5d00000,0x00000000d5d68020,0x00000000d5d80000)
  to   space 512K, 0% used [0x00000000d5c80000,0x00000000d5c80000,0x00000000d5d00000)
 ParOldGen       total 1249792K, used 1249330K [0x0000000080000000, 0x00000000cc480000, 0x00000000d5580000)
  object space 1249792K, 99% used [0x0000000080000000,0x00000000cc40cba8,0x00000000cc480000)
 Metaspace       used 95523K, committed 97344K, reserved 1179648K
  class space    used 9554K, committed 10304K, reserved 1048576K
}
Event: 20019.522 GC heap before
{Heap before GC invocations=2639 (full 5):
 PSYoungGen      total 7168K, used 7072K [0x00000000d5580000, 0x00000000d5d80000, 0x0000000100000000)
  eden space 6656K, 100% used [0x00000000d5580000,0x00000000d5c00000,0x00000000d5c00000)
  from space 512K, 81% used [0x00000000d5d00000,0x00000000d5d68020,0x00000000d5d80000)
  to   space 512K, 0% used [0x00000000d5c80000,0x00000000d5c80000,0x00000000d5d00000)
 ParOldGen       total 1249792K, used 1249330K [0x0000000080000000, 0x00000000cc480000, 0x00000000d5580000)
  object space 1249792K, 99% used [0x0000000080000000,0x00000000cc40cba8,0x00000000cc480000)
 Metaspace       used 95531K, committed 97344K, reserved 1179648K
  class space    used 9554K, committed 10304K, reserved 1048576K
}
Event: 20020.236 GC heap after
{Heap after GC invocations=2639 (full 5):
 PSYoungGen      total 7168K, used 480K [0x00000000d5580000, 0x00000000d5e00000, 0x0000000100000000)
  eden space 6656K, 0% used [0x00000000d5580000,0x00000000d5580000,0x00000000d5c00000)
  from space 512K, 93% used [0x00000000d5c80000,0x00000000d5cf8020,0x00000000d5d00000)
  to   space 1024K, 0% used [0x00000000d5d00000,0x00000000d5d00000,0x00000000d5e00000)
 ParOldGen       total 1249792K, used 1249426K [0x0000000080000000, 0x00000000cc480000, 0x00000000d5580000)
  object space 1249792K, 99% used [0x0000000080000000,0x00000000cc424bc8,0x00000000cc480000)
 Metaspace       used 95531K, committed 97344K, reserved 1179648K
  class space    used 9554K, committed 10304K, reserved 1048576K
}
Event: 20097.373 GC heap before
{Heap before GC invocations=2640 (full 5):
 PSYoungGen      total 7168K, used 7136K [0x00000000d5580000, 0x00000000d5e00000, 0x0000000100000000)
  eden space 6656K, 100% used [0x00000000d5580000,0x00000000d5c00000,0x00000000d5c00000)
  from space 512K, 93% used [0x00000000d5c80000,0x00000000d5cf8020,0x00000000d5d00000)
  to   space 1024K, 0% used [0x00000000d5d00000,0x00000000d5d00000,0x00000000d5e00000)
 ParOldGen       total 1249792K, used 1249426K [0x0000000080000000, 0x00000000cc480000, 0x00000000d5580000)
  object space 1249792K, 99% used [0x0000000080000000,0x00000000cc424bc8,0x00000000cc480000)
 Metaspace       used 95560K, committed 97344K, reserved 1179648K
  class space    used 9556K, committed 10304K, reserved 1048576K
}
Event: 20097.901 GC heap after
{Heap after GC invocations=2640 (full 5):
 PSYoungGen      total 7168K, used 352K [0x00000000d5580000, 0x00000000d5d80000, 0x0000000100000000)
  eden space 6656K, 0% used [0x00000000d5580000,0x00000000d5580000,0x00000000d5c00000)
  from space 512K, 68% used [0x00000000d5d00000,0x00000000d5d58020,0x00000000d5d80000)
  to   space 512K, 0% used [0x00000000d5c80000,0x00000000d5c80000,0x00000000d5d00000)
 ParOldGen       total 1249792K, used 1249466K [0x0000000080000000, 0x00000000cc480000, 0x00000000d5580000)
  object space 1249792K, 99% used [0x0000000080000000,0x00000000cc42ebc8,0x00000000cc480000)
 Metaspace       used 95560K, committed 97344K, reserved 1179648K
  class space    used 9556K, committed 10304K, reserved 1048576K
}
Event: 20188.184 GC heap before
{Heap before GC invocations=2641 (full 5):
 PSYoungGen      total 7168K, used 7008K [0x00000000d5580000, 0x00000000d5d80000, 0x0000000100000000)
  eden space 6656K, 100% used [0x00000000d5580000,0x00000000d5c00000,0x00000000d5c00000)
  from space 512K, 68% used [0x00000000d5d00000,0x00000000d5d58020,0x00000000d5d80000)
  to   space 512K, 0% used [0x00000000d5c80000,0x00000000d5c80000,0x00000000d5d00000)
 ParOldGen       total 1249792K, used 1249466K [0x0000000080000000, 0x00000000cc480000, 0x00000000d5580000)
  object space 1249792K, 99% used [0x0000000080000000,0x00000000cc42ebc8,0x00000000cc480000)
 Metaspace       used 95589K, committed 97408K, reserved 1179648K
  class space    used 9557K, committed 10304K, reserved 1048576K
}
Event: 20188.767 GC heap after
{Heap after GC invocations=2641 (full 5):
 PSYoungGen      total 7168K, used 496K [0x00000000d5580000, 0x00000000d5e00000, 0x0000000100000000)
  eden space 6656K, 0% used [0x00000000d5580000,0x00000000d5580000,0x00000000d5c00000)
  from space 512K, 96% used [0x00000000d5c80000,0x00000000d5cfc030,0x00000000d5d00000)
  to   space 1024K, 0% used [0x00000000d5d00000,0x00000000d5d00000,0x00000000d5e00000)
 ParOldGen       total 1249792K, used 1249486K [0x0000000080000000, 0x00000000cc480000, 0x00000000d5580000)
  object space 1249792K, 99% used [0x0000000080000000,0x00000000cc433bd8,0x00000000cc480000)
 Metaspace       used 95589K, committed 97408K, reserved 1179648K
  class space    used 9557K, committed 10304K, reserved 1048576K
}
Event: 20320.296 GC heap before
{Heap before GC invocations=2642 (full 5):
 PSYoungGen      total 7168K, used 7152K [0x00000000d5580000, 0x00000000d5e00000, 0x0000000100000000)
  eden space 6656K, 100% used [0x00000000d5580000,0x00000000d5c00000,0x00000000d5c00000)
  from space 512K, 96% used [0x00000000d5c80000,0x00000000d5cfc030,0x00000000d5d00000)
  to   space 1024K, 0% used [0x00000000d5d00000,0x00000000d5d00000,0x00000000d5e00000)
 ParOldGen       total 1249792K, used 1249486K [0x0000000080000000, 0x00000000cc480000, 0x00000000d5580000)
  object space 1249792K, 99% used [0x0000000080000000,0x00000000cc433bd8,0x00000000cc480000)
 Metaspace       used 95626K, committed 97472K, reserved 1179648K
  class space    used 9559K, committed 10368K, reserved 1048576K
}
Event: 20320.800 GC heap after
{Heap after GC invocations=2642 (full 5):
 PSYoungGen      total 7680K, used 544K [0x00000000d5580000, 0x00000000d5e00000, 0x0000000100000000)
  eden space 6656K, 0% used [0x00000000d5580000,0x00000000d5580000,0x00000000d5c00000)
  from space 1024K, 53% used [0x00000000d5d00000,0x00000000d5d88040,0x00000000d5e00000)
  to   space 1024K, 0% used [0x00000000d5c00000,0x00000000d5c00000,0x00000000d5d00000)
 ParOldGen       total 1249792K, used 1249526K [0x0000000080000000, 0x00000000cc480000, 0x00000000d5580000)
  object space 1249792K, 99% used [0x0000000080000000,0x00000000cc43dbd8,0x00000000cc480000)
 Metaspace       used 95626K, committed 97472K, reserved 1179648K
  class space    used 9559K, committed 10368K, reserved 1048576K
}
Event: 20358.100 GC heap before
{Heap before GC invocations=2643 (full 5):
 PSYoungGen      total 7680K, used 7200K [0x00000000d5580000, 0x00000000d5e00000, 0x0000000100000000)
  eden space 6656K, 100% used [0x00000000d5580000,0x00000000d5c00000,0x00000000d5c00000)
  from space 1024K, 53% used [0x00000000d5d00000,0x00000000d5d88040,0x00000000d5e00000)
  to   space 1024K, 0% used [0x00000000d5c00000,0x00000000d5c00000,0x00000000d5d00000)
 ParOldGen       total 1249792K, used 1249526K [0x0000000080000000, 0x00000000cc480000, 0x00000000d5580000)
  object space 1249792K, 99% used [0x0000000080000000,0x00000000cc43dbd8,0x00000000cc480000)
 Metaspace       used 95626K, committed 97472K, reserved 1179648K
  class space    used 9559K, committed 10368K, reserved 1048576K
}
Event: 20358.632 GC heap after
{Heap after GC invocations=2643 (full 5):
 PSYoungGen      total 7680K, used 512K [0x00000000d5580000, 0x00000000d5e00000, 0x0000000100000000)
  eden space 6656K, 0% used [0x00000000d5580000,0x00000000d5580000,0x00000000d5c00000)
  from space 1024K, 50% used [0x00000000d5c00000,0x00000000d5c80060,0x00000000d5d00000)
  to   space 1024K, 0% used [0x00000000d5d00000,0x00000000d5d00000,0x00000000d5e00000)
 ParOldGen       total 1249792K, used 1249526K [0x0000000080000000, 0x00000000cc480000, 0x00000000d5580000)
  object space 1249792K, 99% used [0x0000000080000000,0x00000000cc43dbd8,0x00000000cc480000)
 Metaspace       used 95626K, committed 97472K, reserved 1179648K
  class space    used 9559K, committed 10368K, reserved 1048576K
}
Event: 20538.090 GC heap before
{Heap before GC invocations=2644 (full 5):
 PSYoungGen      total 7680K, used 7168K [0x00000000d5580000, 0x00000000d5e00000, 0x0000000100000000)
  eden space 6656K, 100% used [0x00000000d5580000,0x00000000d5c00000,0x00000000d5c00000)
  from space 1024K, 50% used [0x00000000d5c00000,0x00000000d5c80060,0x00000000d5d00000)
  to   space 1024K, 0% used [0x00000000d5d00000,0x00000000d5d00000,0x00000000d5e00000)
 ParOldGen       total 1249792K, used 1249526K [0x0000000080000000, 0x00000000cc480000, 0x00000000d5580000)
  object space 1249792K, 99% used [0x0000000080000000,0x00000000cc43dbd8,0x00000000cc480000)
 Metaspace       used 95626K, committed 97472K, reserved 1179648K
  class space    used 9559K, committed 10368K, reserved 1048576K
}
Event: 20538.669 GC heap after
{Heap after GC invocations=2644 (full 5):
 PSYoungGen      total 7168K, used 480K [0x00000000d5580000, 0x00000000d5d80000, 0x0000000100000000)
  eden space 6656K, 0% used [0x00000000d5580000,0x00000000d5580000,0x00000000d5c00000)
  from space 512K, 93% used [0x00000000d5d00000,0x00000000d5d78060,0x00000000d5d80000)
  to   space 512K, 0% used [0x00000000d5c80000,0x00000000d5c80000,0x00000000d5d00000)
 ParOldGen       total 1249792K, used 1249542K [0x0000000080000000, 0x00000000cc480000, 0x00000000d5580000)
  object space 1249792K, 99% used [0x0000000080000000,0x00000000cc441bd8,0x00000000cc480000)
 Metaspace       used 95626K, committed 97472K, reserved 1179648K
  class space    used 9559K, committed 10368K, reserved 1048576K
}
Event: 20620.473 GC heap before
{Heap before GC invocations=2645 (full 5):
 PSYoungGen      total 7168K, used 7136K [0x00000000d5580000, 0x00000000d5d80000, 0x0000000100000000)
  eden space 6656K, 100% used [0x00000000d5580000,0x00000000d5c00000,0x00000000d5c00000)
  from space 512K, 93% used [0x00000000d5d00000,0x00000000d5d78060,0x00000000d5d80000)
  to   space 512K, 0% used [0x00000000d5c80000,0x00000000d5c80000,0x00000000d5d00000)
 ParOldGen       total 1249792K, used 1249542K [0x0000000080000000, 0x00000000cc480000, 0x00000000d5580000)
  object space 1249792K, 99% used [0x0000000080000000,0x00000000cc441bd8,0x00000000cc480000)
 Metaspace       used 95626K, committed 97472K, reserved 1179648K
  class space    used 9559K, committed 10368K, reserved 1048576K
}
Event: 20621.019 GC heap after
{Heap after GC invocations=2645 (full 5):
 PSYoungGen      total 7168K, used 480K [0x00000000d5580000, 0x00000000d5d80000, 0x0000000100000000)
  eden space 6656K, 0% used [0x00000000d5580000,0x00000000d5580000,0x00000000d5c00000)
  from space 512K, 93% used [0x00000000d5c80000,0x00000000d5cf8040,0x00000000d5d00000)
  to   space 512K, 0% used [0x00000000d5d00000,0x00000000d5d00000,0x00000000d5d80000)
 ParOldGen       total 1249792K, used 1249566K [0x0000000080000000, 0x00000000cc480000, 0x00000000d5580000)
  object space 1249792K, 99% used [0x0000000080000000,0x00000000cc447bd8,0x00000000cc480000)
 Metaspace       used 95626K, committed 97472K, reserved 1179648K
  class space    used 9559K, committed 10368K, reserved 1048576K
}
Event: 20694.943 GC heap before
{Heap before GC invocations=2646 (full 5):
 PSYoungGen      total 7168K, used 7136K [0x00000000d5580000, 0x00000000d5d80000, 0x0000000100000000)
  eden space 6656K, 99% used [0x00000000d5580000,0x00000000d5bffff0,0x00000000d5c00000)
  from space 512K, 93% used [0x00000000d5c80000,0x00000000d5cf8040,0x00000000d5d00000)
  to   space 512K, 0% used [0x00000000d5d00000,0x00000000d5d00000,0x00000000d5d80000)
 ParOldGen       total 1249792K, used 1249566K [0x0000000080000000, 0x00000000cc480000, 0x00000000d5580000)
  object space 1249792K, 99% used [0x0000000080000000,0x00000000cc447bd8,0x00000000cc480000)
 Metaspace       used 95640K, committed 97472K, reserved 1179648K
  class space    used 9559K, committed 10368K, reserved 1048576K
}
Event: 20695.392 GC heap after
{Heap after GC invocations=2646 (full 5):
 PSYoungGen      total 7168K, used 496K [0x00000000d5580000, 0x00000000d5e00000, 0x0000000100000000)
  eden space 6656K, 0% used [0x00000000d5580000,0x00000000d5580000,0x00000000d5c00000)
  from space 512K, 96% used [0x00000000d5d00000,0x00000000d5d7c030,0x00000000d5d80000)
  to   space 1024K, 0% used [0x00000000d5c00000,0x00000000d5c00000,0x00000000d5d00000)
 ParOldGen       total 1249792K, used 1249678K [0x0000000080000000, 0x00000000cc480000, 0x00000000d5580000)
  object space 1249792K, 99% used [0x0000000080000000,0x00000000cc463bf8,0x00000000cc480000)
 Metaspace       used 95640K, committed 97472K, reserved 1179648K
  class space    used 9559K, committed 10368K, reserved 1048576K
}

