<?xml version="1.0" encoding="UTF-8"?>
<testsuite xmlns:xsi="http://www.w3.org/2001/XMLSchema-instance" xsi:noNamespaceSchemaLocation="https://maven.apache.org/surefire/maven-surefire-plugin/xsd/surefire-test-report-3.0.xsd" version="3.0" name="fr.plus33.api.Plus33ApiApplicationTests" time="33.113" tests="1" errors="0" skipped="0" failures="0">
  <properties>
[...]
</properties>
  <testcase name="contextLoads" classname="fr.plus33.api.Plus33ApiApplicationTests" time="2.079">
    <system-out><![CDATA[Standard Commons Logging discovery in action with spring-jcl: please remove commons-logging.jar from classpath in order to avoid potential conflicts
11:34:40.685 [main] INFO org.springframework.test.context.support.AnnotationConfigContextLoaderUtils -- Could not detect default configuration classes for test class [fr.plus33.api.Plus33ApiApplicationTests]: Plus33ApiApplicationTests does not declare any static, non-private, non-final, nested classes annotated with @Configuration.
11:34:41.087 [main] INFO org.springframework.boot.test.context.SpringBootTestContextBootstrapper -- Found @SpringBootConfiguration fr.plus33.api.Plus33ApiApplication for test class fr.plus33.api.Plus33ApiApplicationTests

  .   ____          _            __ _ _
 /\\ / ___'_ __ _ _(_)_ __  __ _ \ \ \ \
( ( )\___ | '_ | '_| | '_ \/ _` | \ \ \ \
 \\/  ___)| |_)| | | | | || (_| |  ) ) ) )
  '  |____| .__|_| |_|_| |_\__, | / / / /
 =========|_|==============|___/=/_/_/_/

 :: Spring Boot ::                (v3.3.5)

2026-05-12T11:34:42.613+05:30  INFO 13460 --- [plus33-api] [           main] f.plus33.api.Plus33ApiApplicationTests   : Starting Plus33ApiApplicationTests using Java 21.0.9 with PID 13460 (started by sivas in D:\webprojects\plus33-api)
2026-05-12T11:34:42.618+05:30  INFO 13460 --- [plus33-api] [           main] f.plus33.api.Plus33ApiApplicationTests   : No active profile set, falling back to 1 default profile: "default"
2026-05-12T11:34:47.299+05:30  INFO 13460 --- [plus33-api] [           main] .s.d.r.c.RepositoryConfigurationDelegate : Bootstrapping Spring Data JPA repositories in DEFAULT mode.
2026-05-12T11:34:47.618+05:30  INFO 13460 --- [plus33-api] [           main] .s.d.r.c.RepositoryConfigurationDelegate : Finished Spring Data repository scanning in 289 ms. Found 5 JPA repository interfaces.
2026-05-12T11:34:51.194+05:30  INFO 13460 --- [plus33-api] [           main] o.hibernate.jpa.internal.util.LogHelper  : HHH000204: Processing PersistenceUnitInfo [name: default]
2026-05-12T11:34:51.622+05:30  INFO 13460 --- [plus33-api] [           main] org.hibernate.Version                    : HHH000412: Hibernate ORM core version 6.5.3.Final
2026-05-12T11:34:51.773+05:30  INFO 13460 --- [plus33-api] [           main] o.h.c.internal.RegionFactoryInitiator    : HHH000026: Second-level cache disabled
2026-05-12T11:34:53.035+05:30  INFO 13460 --- [plus33-api] [           main] o.s.o.j.p.SpringPersistenceUnitInfo      : No LoadTimeWeaver setup: ignoring JPA class transformer
2026-05-12T11:34:53.125+05:30  INFO 13460 --- [plus33-api] [           main] com.zaxxer.hikari.HikariDataSource       : HikariPool-1 - Starting...
2026-05-12T11:34:53.648+05:30  INFO 13460 --- [plus33-api] [           main] com.zaxxer.hikari.pool.HikariPool        : HikariPool-1 - Added connection conn0: url=jdbc:h2:mem:plus33db user=SA
2026-05-12T11:34:53.653+05:30  INFO 13460 --- [plus33-api] [           main] com.zaxxer.hikari.HikariDataSource       : HikariPool-1 - Start completed.
2026-05-12T11:34:53.725+05:30  WARN 13460 --- [plus33-api] [           main] org.hibernate.orm.deprecation            : HHH90000025: H2Dialect does not need to be specified explicitly using 'hibernate.dialect' (remove the property setting and it will be selected by default)
2026-05-12T11:34:57.668+05:30  INFO 13460 --- [plus33-api] [           main] o.h.e.t.j.p.i.JtaPlatformInitiator       : HHH000489: No JTA platform available (set 'hibernate.transaction.jta.platform' to enable JTA platform integration)
Hibernate: 
    create table animations (
        id bigint generated by default as identity,
        is_active boolean,
        animation_type enum ('GLASS_TRANSITION','HOVER_ZOOM','LUXURY_LOADER','MAGNETIC_BUTTON','PAGE_REVEAL','PARALLAX','SMOOTH_SCROLL'),
        config_json TEXT,
        created_at timestamp(6),
        css_class varchar(100),
        delay_ms integer,
        description varchar(500),
        display_order integer,
        duration_ms integer,
        easing varchar(100),
        element_selector varchar(200),
        js_trigger varchar(100),
        name varchar(100) not null,
        page_target varchar(100),
        updated_at timestamp(6),
        primary key (id)
    )
Hibernate: 
    create table categories (
        id bigint generated by default as identity,
        is_active boolean,
        created_at timestamp(6),
        description varchar(500),
        display_order integer,
        icon_class varchar(50),
        image_url varchar(255),
        name varchar(100) not null,
        slug varchar(100),
        updated_at timestamp(6),
        primary key (id)
    )
Hibernate: 
    create table media_uploads (
        id bigint generated by default as identity,
        is_active boolean,
        alt_text varchar(300),
        cloudinary_public_id varchar(255),
        created_at timestamp(6),
        duration_seconds float(53),
        file_size bigint,
        height integer,
        media_type enum ('IMAGE','VIDEO'),
        mime_type varchar(100),
        original_filename varchar(255),
        public_url varchar(1000),
        stored_filename varchar(255),
        width integer,
        primary key (id)
    )
Hibernate: 
    create table product_images (
        product_id bigint not null,
        image_url varchar(255)
    )
Hibernate: 
    create table product_tags (
        product_id bigint not null,
        tag varchar(255)
    )
Hibernate: 
    create table products (
        id bigint generated by default as identity,
        is_active boolean,
        ai_embedding_vector TEXT,
        ai_tags TEXT,
        is_bestseller boolean,
        compare_price numeric(10,2),
        cost_price numeric(10,2),
        created_at timestamp(6),
        description TEXT,
        is_featured boolean,
        name varchar(200) not null,
        is_new_arrival boolean,
        order_count integer,
        price numeric(10,2) not null,
        primary_image varchar(255),
        product_type enum ('COFFEE','LUXURY_PRODUCT','MERCHANDISE','PASTRY','SEASONAL','TEA'),
        rating_average float(53),
        rating_count integer,
        seasonal_relevance varchar(50),
        short_description varchar(500),
        sku varchar(100),
        slug varchar(200),
        stock_quantity integer,
        updated_at timestamp(6),
        category_id bigint,
        primary key (id)
    )
Hibernate: 
    create table user_activity (
        id bigint generated by default as identity,
        activity_type enum ('ADD_TO_CART','FAVORITE','PURCHASE','REVIEW','SEARCH','SHARE','VIEW'),
        category_id bigint,
        created_at timestamp(6),
        device_type varchar(50),
        duration_seconds integer,
        product_id bigint,
        session_id varchar(100),
        time_of_day varchar(20),
        user_id bigint not null,
        primary key (id)
    )
Hibernate: 
    alter table if exists categories 
       drop constraint if exists UKt8o6pivur7nn124jehx7cygw5
Hibernate: 
    alter table if exists categories 
       add constraint UKt8o6pivur7nn124jehx7cygw5 unique (name)
Hibernate: 
    alter table if exists product_images 
       add constraint FKqnq71xsohugpqwf3c9gxmsuy 
       foreign key (product_id) 
       references products
Hibernate: 
    alter table if exists product_tags 
       add constraint FK5rk6s19k3risy7q7wqdr41uss 
       foreign key (product_id) 
       references products
Hibernate: 
    alter table if exists products 
       add constraint FKog2rp4qthbtt2lfyhfo32lsw9 
       foreign key (category_id) 
       references categories
2026-05-12T11:34:57.920+05:30  INFO 13460 --- [plus33-api] [           main] j.LocalContainerEntityManagerFactoryBean : Initialized JPA EntityManagerFactory for persistence unit 'default'
2026-05-12T11:34:59.881+05:30  INFO 13460 --- [plus33-api] [           main] o.s.d.j.r.query.QueryEnhancerFactory     : Hibernate is in classpath; If applicable, HQL parser will be used.
2026-05-12T11:35:04.188+05:30  WARN 13460 --- [plus33-api] [           main] JpaBaseConfiguration$JpaWebConfiguration : spring.jpa.open-in-view is enabled by default. Therefore, database queries may be performed during view rendering. Explicitly configure spring.jpa.open-in-view to disable this warning
2026-05-12T11:35:04.372+05:30  WARN 13460 --- [plus33-api] [           main] .s.s.UserDetailsServiceAutoConfiguration : 

Using generated security password: 2ce5a14c-efd1-401e-b224-71bac1e76f84

This generated password is for development use only. Your security configuration must be updated before running your application in production.

2026-05-12T11:35:04.538+05:30  INFO 13460 --- [plus33-api] [           main] r$InitializeUserDetailsManagerConfigurer : Global AuthenticationManager configured with UserDetailsService bean with name inMemoryUserDetailsManager
2026-05-12T11:35:05.253+05:30  INFO 13460 --- [plus33-api] [           main] o.s.b.a.w.s.WelcomePageHandlerMapping    : Adding welcome page: class path resource [static/index.html]
2026-05-12T11:35:06.990+05:30  INFO 13460 --- [plus33-api] [           main] o.s.b.a.e.web.EndpointLinksResolver      : Exposing 2 endpoints beneath base path '/actuator'
2026-05-12T11:35:09.463+05:30  INFO 13460 --- [plus33-api] [           main] o.s.b.a.h2.H2ConsoleAutoConfiguration    : H2 console available at '/h2-console'. Database available at 'jdbc:h2:mem:plus33db'
2026-05-12T11:35:10.073+05:30  INFO 13460 --- [plus33-api] [           main] f.plus33.api.Plus33ApiApplicationTests   : Started Plus33ApiApplicationTests in 28.426 seconds (process running for 32.481)
]]></system-out>
    <system-err><![CDATA[WARNING: A Java agent has been loaded dynamically (C:\Users\sivas\.m2\repository\net\bytebuddy\byte-buddy-agent\1.14.19\byte-buddy-agent-1.14.19.jar)
WARNING: If a serviceability tool is in use, please run with -XX:+EnableDynamicAgentLoading to hide this warning
WARNING: If a serviceability tool is not in use, please run with -Djdk.instrument.traceUsage for more information
WARNING: Dynamic loading of agents will be disallowed by default in a future release
]]></system-err>
  </testcase>
</testsuite>